#
# A fatal error has been detected by the Java Runtime Environment:
#
#  SIGSEGV (0xb) at pc=0x0000000106a65318, pid=20049, tid=0x0000000000000103
#
# JRE version: OpenJDK Runtime Environment (8.0_345-b01) (build 1.8.0_345-b01)
# Java VM: OpenJDK 64-Bit Server VM (25.345-b01 mixed mode bsd-aarch64 compressed oops)
# Problematic frame:
# J 857 C2 com.sun.scenario.animation.shared.SingleLoopClipEnvelope.setCycleCount(I)Lcom/sun/scenario/animation/shared/ClipEnvelope; (31 bytes) @ 0x0000000106a65318 [0x0000000106a65300+0x18]
#
# Failed to write core dump. Core dumps have been disabled. To enable core dumping, try "ulimit -c unlimited" before starting Java again
#
# If you would like to submit a bug report, please visit:
#   https://bell-sw.com/support
#

---------------  T H R E A D  ---------------

Current thread (0x000000013208f000):  JavaThread "JavaFX Application Thread" [_thread_in_Java, id=259, stack(0x0000000169164000,0x000000016b164000)]

siginfo: si_signo: 11 (SIGSEGV), si_code: 2 (SEGV_ACCERR), si_addr: 0x000000016a967f80

Registers:
 x0=0x0000000000000001  x1=0x000000076ac80d10  x2=0x0000000000000001  x3=0x000000076ac80d10
 x4=0x00000001279f6428  x5=0x000000076ac810f0  x6=0x000000076ac80c10  x7=0x000000000009be98
 x8=0x0000000000147410  x9=0xffffffffffff0000 x10=0x0000000000000001 x11=0x0000000101a9c000
x12=0x0000000003b56408 x13=0x000000076ac81030 x14=0x00000000edd789b7 x15=0x000000076ac81080
x16=0x0000000800147b38 x17=0x0000000000000000 x18=0x0000000000000001 x19=0x000000076ac810c0
x20=0x000000076ac80f20 x21=0x000000076ac80ed0 x22=0x000000076ac80f20 x23=0x000000016b15eaf0
x24=0x000000016afc3578 x25=0x0000000000000001 x26=0x00000001279e99e0 x27=0x0000000000000000
x28=0x000000013208f000  fp=0x000000016b11e8f0  lr=0x0000000106a0f268  sp=0x000000016a977f80
pc=0x0000000106a65318 cpsr=0x0000000060001000
Top of Stack: (sp=0x000000016a977f80)
0x000000016a977f80:   0000000000000000 0000000000000000
0x000000016a977f90:   0000000000000000 0000000000000000
0x000000016a977fa0:   0000000000000000 0000000000000000
0x000000016a977fb0:   0000000000000000 0000000000000000
0x000000016a977fc0:   0000000000000000 000000076ac80b48
0x000000016a977fd0:   0000000000000000 0000000000000000
0x000000016a977fe0:   0000000000000000 0000000000000000
0x000000016a977ff0:   000000016b11e8f0 0000000106a08da8
0x000000016a978000:   0000000000000000 0000000000000000
0x000000016a978010:   000000016b11e8f0 0000000106a2f8d4
0x000000016a978020:   0000000000000000 0000000000000000
0x000000016a978030:   0000000000000000 0000000000000000
0x000000016a978040:   0000000000000000 0000000000000000
0x000000016a978050:   000000016b11e8f0 0000000106a310a4
0x000000016a978060:   0000000000000000 0000000000000000
0x000000016a978070:   0000000000000000 000000076ac81030
0x000000016a978080:   0000000100000001 000000076ebc4c50
0x000000016a978090:   0000000700000001 0000000000000000
0x000000016a9780a0:   0000000000000000 0000000000000000
0x000000016a9780b0:   000000016b11e8f0 000000076ac81068
0x000000016a9780c0:   0000000000000001 000000076ac80fd8
0x000000016a9780d0:   000000076ac80d50 000000076ac80b48
0x000000016a9780e0:   0000000100000001 000000076ac80c10
0x000000016a9780f0:   000000016b11e8f0 000000076ac80ff8
0x000000016a978100:   000000016b11e8f0 0000000106a56adc
0x000000016a978110:   000000076ac81030 000000076ac80d50
0x000000016a978120:   0000000100000000 000000076ac81030
0x000000016a978130:   000000076ac81048 0000000100000000
0x000000016a978140:   0000000000000000 000000076ac804c0
0x000000016a978150:   000000016b11e8f0 0000000106a252d8
0x000000016a978160:   000000076ac81010 0000000100000000
0x000000016a978170:   000000076ac80ee8 0000000106a08f3c 

Instructions: (pc=0x0000000106a65318)
0x0000000106a652f8:   00 00 00 00 00 00 00 00 28 08 40 b9 3f 01 08 6b
0x0000000106a65308:   40 00 00 54 cd b9 f4 17 1f 20 03 d5 e9 bf 70 b2
0x0000000106a65318:   ff 6b 29 f8 ff 83 01 d1 fd 7b 05 a9 5f 04 00 71
0x0000000106a65328:   a0 19 00 54 2b 38 40 b9 2a 0c 40 f9 6e f1 7d d3 


Register to memory mapping:

 x0=0x0000000000000001 is an unknown value
 x1=0x000000076ac80d10 is an oop
com.sun.scenario.animation.shared.SingleLoopClipEnvelope 
 - klass: 'com/sun/scenario/animation/shared/SingleLoopClipEnvelope'
 x2=0x0000000000000001 is an unknown value
 x3=0x000000076ac80d10 is an oop
com.sun.scenario.animation.shared.SingleLoopClipEnvelope 
 - klass: 'com/sun/scenario/animation/shared/SingleLoopClipEnvelope'
 x4=0x00000001279f6428 is pointing into metadata
 x5=0x000000076ac810f0 is an oop

[error occurred during error reporting (printing register info), id 0xb]

Stack: [0x0000000169164000,0x000000016b164000],  sp=0x000000016a977f80,  free space=24655k
Native frames: (J=compiled Java code, j=interpreted, Vv=VM code, C=native code)
J 857 C2 com.sun.scenario.animation.shared.SingleLoopClipEnvelope.setCycleCount(I)Lcom/sun/scenario/animation/shared/ClipEnvelope; (31 bytes) @ 0x0000000106a65318 [0x0000000106a65300+0x18]
C  0x0000000000000000


---------------  P R O C E S S  ---------------

Java Threads: ( => current thread )
  0x0000000131a0d000 JavaThread "JavaFX-Launcher" [_thread_blocked, id=49931, stack(0x000000016e244000,0x000000016e447000)]
  0x000000013492d800 JavaThread "Thread-4" daemon [_thread_in_native, id=59655, stack(0x000000016e0a0000,0x000000016e123000)]
=>0x000000013208f000 JavaThread "JavaFX Application Thread" [_thread_in_Java, id=259, stack(0x0000000169164000,0x000000016b164000)]
  0x000000013286d000 JavaThread "Thread-1" daemon [_thread_blocked, id=26891, stack(0x000000016de94000,0x000000016e097000)]
  0x00000001348e4800 JavaThread "QuantumRenderer-0" daemon [_thread_blocked, id=23043, stack(0x000000016dc88000,0x000000016de8b000)]
  0x0000000133021000 JavaThread "Service Thread" daemon [_thread_blocked, id=32515, stack(0x000000016d870000,0x000000016da73000)]
  0x0000000133010000 JavaThread "C1 CompilerThread3" daemon [_thread_in_vm, id=21763, stack(0x000000016d664000,0x000000016d867000)]
  0x0000000131892000 JavaThread "C2 CompilerThread2" daemon [_thread_blocked, id=19459, stack(0x000000016d458000,0x000000016d65b000)]
  0x000000013300f000 JavaThread "C2 CompilerThread1" daemon [_thread_in_native, id=19971, stack(0x000000016d24c000,0x000000016d44f000)]
  0x000000013400c000 JavaThread "C2 CompilerThread0" daemon [_thread_in_native, id=20483, stack(0x000000016d040000,0x000000016d243000)]
  0x0000000134009800 JavaThread "Monitor Ctrl-Break" daemon [_thread_in_native, id=18947, stack(0x000000016ce34000,0x000000016d037000)]
  0x0000000131858800 JavaThread "Signal Dispatcher" daemon [_thread_blocked, id=18435, stack(0x000000016cc28000,0x000000016ce2b000)]
  0x0000000134811000 JavaThread "Finalizer" daemon [_thread_blocked, id=13059, stack(0x000000016c878000,0x000000016ca7b000)]
  0x0000000131852800 JavaThread "Reference Handler" daemon [_thread_blocked, id=13571, stack(0x000000016c66c000,0x000000016c86f000)]
  0x0000000132808800 JavaThread "main" [_thread_blocked, id=3843, stack(0x000000016b1f4000,0x000000016b3f7000)]

Other Threads:
  0x000000013184b800 VMThread [stack: 0x000000016c460000,0x000000016c663000] [id=11779]
  0x0000000133022000 WatcherThread [stack: 0x000000016da7c000,0x000000016dc7f000] [id=22531]

VM state:not at safepoint (normal execution)

VM Mutex/Monitor currently owned by a thread: None

heap address: 0x00000006c0000000, size: 4096 MB, Compressed Oops mode: Zero based, Oop shift amount: 3
Narrow klass base: 0x0000000800000000, Narrow klass shift: 0
Compressed class space size: 1073741824 Address: 0x0000000800000000

Heap:
 PSYoungGen      total 76288K, used 12988K [0x000000076ab00000, 0x0000000774000000, 0x00000007c0000000)
  eden space 65536K, 3% used [0x000000076ab00000,0x000000076ad36c80,0x000000076eb00000)
  from space 10752K, 99% used [0x000000076eb00000,0x000000076f578568,0x000000076f580000)
  to   space 10752K, 0% used [0x0000000773580000,0x0000000773580000,0x0000000774000000)
 ParOldGen       total 175104K, used 13597K [0x00000006c0000000, 0x00000006cab00000, 0x000000076ab00000)
  object space 175104K, 7% used [0x00000006c0000000,0x00000006c0d476b0,0x00000006cab00000)
 Metaspace       used 9826K, capacity 10242K, committed 10368K, reserved 1058816K
  class space    used 1210K, capacity 1349K, committed 1408K, reserved 1048576K

Card table byte_map: [0x000000010509c000,0x00000001058a0000] byte_map_base: 0x0000000101a9c000

Marking Bits: (ParMarkBitMap*) 0x00000001060e1a70
 Begin Bits: [0x000000010ecb4000, 0x0000000112cb4000)
 End Bits:   [0x0000000112cb4000, 0x0000000116cb4000)

Polling page: 0x0000000104d08000

CodeCache: size=131072Kb used=3114Kb max_used=3114Kb free=127957Kb
 bounds [0x000000010675c000, 0x0000000106a6c000, 0x000000010e75c000]
 total_blobs=1299 nmethods=863 adapters=353
 compilation: enabled

Compilation events (10 events):
Event: 0.418 Thread 0x0000000133010000  860       1       com.sun.scenario.animation.shared.SingleLoopClipEnvelope::setAutoReverse (1 bytes)
Event: 0.418 Thread 0x0000000133010000 nmethod 860 0x0000000106a5c110 code [0x0000000106a5c240, 0x0000000106a5c310]
Event: 0.419 Thread 0x000000013400c000 nmethod 859 0x0000000106a61350 code [0x0000000106a614c0, 0x0000000106a61690]
Event: 0.419 Thread 0x000000013400c000  854       4       com.sun.scenario.animation.shared.ClipInterpolator::create (59 bytes)
Event: 0.420 Thread 0x000000013400c000 nmethod 854 0x0000000106a5b890 code [0x0000000106a5ba40, 0x0000000106a5bdd0]
Event: 0.420 Thread 0x000000013400c000  862       4       javafx.animation.Timeline$1::onChanged (164 bytes)
Event: 0.423 Thread 0x0000000131892000 nmethod 858 0x0000000106a62290 code [0x0000000106a624c0, 0x0000000106a62b50]
Event: 0.423 Thread 0x0000000131892000  857       4       com.sun.scenario.animation.shared.SingleLoopClipEnvelope::setCycleCount (31 bytes)
Event: 0.427 Thread 0x0000000131892000 nmethod 857 0x0000000106a650d0 code [0x0000000106a65300, 0x0000000106a659d0]
Event: 0.427 Thread 0x0000000131892000  855       4       javafx.animation.Animation::updateTotalDuration (118 bytes)

GC Heap History (2 events):
Event: 0.438 GC heap before
{Heap before GC invocations=1 (full 0):
 PSYoungGen      total 76288K, used 65536K [0x000000076ab00000, 0x0000000770000000, 0x00000007c0000000)
  eden space 65536K, 100% used [0x000000076ab00000,0x000000076eb00000,0x000000076eb00000)
  from space 10752K, 0% used [0x000000076f580000,0x000000076f580000,0x0000000770000000)
  to   space 10752K, 0% used [0x000000076eb00000,0x000000076eb00000,0x000000076f580000)
 ParOldGen       total 175104K, used 0K [0x00000006c0000000, 0x00000006cab00000, 0x000000076ab00000)
  object space 175104K, 0% used [0x00000006c0000000,0x00000006c0000000,0x00000006cab00000)
 Metaspace       used 9822K, capacity 10242K, committed 10368K, reserved 1058816K
  class space    used 1210K, capacity 1349K, committed 1408K, reserved 1048576K
Event: 0.476 GC heap after
Heap after GC invocations=1 (full 0):
 PSYoungGen      total 76288K, used 10721K [0x000000076ab00000, 0x0000000774000000, 0x00000007c0000000)
  eden space 65536K, 0% used [0x000000076ab00000,0x000000076ab00000,0x000000076eb00000)
  from space 10752K, 99% used [0x000000076eb00000,0x000000076f578568,0x000000076f580000)
  to   space 10752K, 0% used [0x0000000773580000,0x0000000773580000,0x0000000774000000)
 ParOldGen       total 175104K, used 13597K [0x00000006c0000000, 0x00000006cab00000, 0x000000076ab00000)
  object space 175104K, 7% used [0x00000006c0000000,0x00000006c0d476b0,0x00000006cab00000)
 Metaspace       used 9822K, capacity 10242K, committed 10368K, reserved 1058816K
  class space    used 1210K, capacity 1349K, committed 1408K, reserved 1048576K
}

Deoptimization events (5 events):
Event: 0.085 Thread 0x0000000132808800 Uncommon trap: reason=null_check action=make_not_entrant pc=0x00000001068633bc method=java.lang.String.equals(Ljava/lang/Object;)Z @ 8
Event: 0.317 Thread 0x000000013208f000 Uncommon trap: reason=unstable_if action=reinterpret pc=0x00000001068ffb94 method=java.lang.String.replace(CC)Ljava/lang/String; @ 2
Event: 0.352 Thread 0x000000013208f000 Uncommon trap: reason=unstable_if action=reinterpret pc=0x000000010691bc4c method=java.lang.String.indexOf([CII[CIII)I @ 134
Event: 0.359 Thread 0x000000013208f000 Uncommon trap: reason=unstable_if action=reinterpret pc=0x00000001069a04a8 method=java.io.BufferedInputStream.read()I @ 8
Event: 0.366 Thread 0x000000013208f000 Uncommon trap: reason=unstable_if action=reinterpret pc=0x00000001069ad4f8 method=java.util.HashMap.getNode(ILjava/lang/Object;)Ljava/util/HashMap$Node; @ 84

Classes redefined (0 events):
No events

Internal exceptions (10 events):
Event: 0.066 Thread 0x0000000132808800 Exception <a 'java/lang/NoSuchFieldError': method resolution failed> (0x000000076b0429f0) thrown at [/System/Volumes/Data/ws/workspace/jdk-8u345/CT/std/label/macosx-aarch64/type/b8/b/hotspot/src/share/vm/prims/methodHandles.cpp, line 1194]
Event: 0.066 Thread 0x0000000132808800 Exception <a 'java/lang/NoSuchFieldError': method resolution failed> (0x000000076b050640) thrown at [/System/Volumes/Data/ws/workspace/jdk-8u345/CT/std/label/macosx-aarch64/type/b8/b/hotspot/src/share/vm/prims/methodHandles.cpp, line 1194]
Event: 0.078 Thread 0x0000000132808800 Exception <a 'java/security/PrivilegedActionException'> (0x000000076b100180) thrown at [/System/Volumes/Data/ws/workspace/jdk-8u345/CT/std/label/macosx-aarch64/type/b8/b/hotspot/src/share/vm/prims/jvm.cpp, line 1524]
Event: 0.078 Thread 0x0000000132808800 Exception <a 'java/security/PrivilegedActionException'> (0x000000076b100390) thrown at [/System/Volumes/Data/ws/workspace/jdk-8u345/CT/std/label/macosx-aarch64/type/b8/b/hotspot/src/share/vm/prims/jvm.cpp, line 1524]
Event: 0.078 Thread 0x0000000132808800 Exception <a 'java/security/PrivilegedActionException'> (0x000000076b103978) thrown at [/System/Volumes/Data/ws/workspace/jdk-8u345/CT/std/label/macosx-aarch64/type/b8/b/hotspot/src/share/vm/prims/jvm.cpp, line 1524]
Event: 0.078 Thread 0x0000000132808800 Exception <a 'java/security/PrivilegedActionException'> (0x000000076b103b88) thrown at [/System/Volumes/Data/ws/workspace/jdk-8u345/CT/std/label/macosx-aarch64/type/b8/b/hotspot/src/share/vm/prims/jvm.cpp, line 1524]
Event: 0.078 Thread 0x0000000132808800 Exception <a 'java/lang/NullPointerException'> (0x000000076b104590) thrown at [/System/Volumes/Data/ws/workspace/jdk-8u345/CT/std/label/macosx-aarch64/type/b8/b/hotspot/src/share/vm/interpreter/linkResolver.cpp, line 1185]
Event: 0.085 Thread 0x0000000132808800 Implicit null exception at 0x00000001068631b0 to 0x00000001068633b0
Event: 0.329 Thread 0x000000013208f000 Exception <a 'java/lang/NullPointerException'> (0x000000076c13b2f0) thrown at [/System/Volumes/Data/ws/workspace/jdk-8u345/CT/std/label/macosx-aarch64/type/b8/b/hotspot/src/share/vm/interpreter/linkResolver.cpp, line 1185]
Event: 0.329 Thread 0x000000013208f000 Exception <a 'java/lang/NullPointerException'> (0x000000076c13b2f0) thrown at [/System/Volumes/Data/ws/workspace/jdk-8u345/CT/std/label/macosx-aarch64/type/b8/b/hotspot/src/share/vm/prims/jvm.cpp, line 1528]

Events (10 events):
Event: 0.387 loading class java/util/TimSort
Event: 0.387 loading class java/util/TimSort done
Event: 0.398 Executing VM operation: ForceSafepoint
Event: 0.398 Executing VM operation: ForceSafepoint done
Event: 0.407 loading class java/util/AbstractList$1
Event: 0.407 loading class java/util/AbstractList$1 done
Event: 0.418 Executing VM operation: ForceSafepoint
Event: 0.418 Executing VM operation: ForceSafepoint done
Event: 0.435 Executing VM operation: ParallelGCFailedAllocation
Event: 0.476 Executing VM operation: ParallelGCFailedAllocation done


Dynamic libraries:
0x00000001b2c30000 	/System/Library/Frameworks/Cocoa.framework/Versions/A/Cocoa
0x000000019eb4b000 	/System/Library/Frameworks/AppKit.framework/Versions/C/AppKit
0x00000001a14e5000 	/System/Library/Frameworks/CoreData.framework/Versions/A/CoreData
0x000000019c7d7000 	/System/Library/Frameworks/Foundation.framework/Versions/C/Foundation
0x00000001a6e69000 	/usr/lib/libSystem.B.dylib
0x000000019fa53000 	/System/Library/PrivateFrameworks/UIFoundation.framework/Versions/A/UIFoundation
0x00000002064f3000 	/System/Library/PrivateFrameworks/CollectionViewCore.framework/Versions/A/CollectionViewCore
0x00000001ad0f1000 	/System/Library/PrivateFrameworks/RemoteViewServices.framework/Versions/A/RemoteViewServices
0x00000001a52b9000 	/System/Library/PrivateFrameworks/XCTTargetBootstrap.framework/Versions/A/XCTTargetBootstrap
0x00000001a8bfb000 	/System/Library/PrivateFrameworks/InternationalSupport.framework/Versions/A/InternationalSupport
0x00000001a8c82000 	/System/Library/PrivateFrameworks/UserActivity.framework/Versions/A/UserActivity
0x000000021d0bc000 	/System/Library/PrivateFrameworks/WindowManagement.framework/Versions/A/WindowManagement
0x000000019c4a1000 	/System/Library/Frameworks/SystemConfiguration.framework/Versions/A/SystemConfiguration
0x00000001a8100000 	/usr/lib/libspindump.dylib
0x000000019fbf8000 	/System/Library/Frameworks/UniformTypeIdentifiers.framework/Versions/A/UniformTypeIdentifiers
0x00000001a35e4000 	/usr/lib/libapp_launch_measurement.dylib
0x00000001a2a96000 	/System/Library/PrivateFrameworks/CoreAnalytics.framework/Versions/A/CoreAnalytics
0x00000001a35eb000 	/System/Library/PrivateFrameworks/CoreAutoLayout.framework/Versions/A/CoreAutoLayout
0x00000001a4adb000 	/System/Library/Frameworks/Metal.framework/Versions/A/Metal
0x00000001a5a10000 	/usr/lib/liblangid.dylib
0x00000001a52bf000 	/System/Library/PrivateFrameworks/CoreSVG.framework/Versions/A/CoreSVG
0x00000001a0519000 	/System/Library/PrivateFrameworks/SkyLight.framework/Versions/A/SkyLight
0x00000001a0930000 	/System/Library/Frameworks/CoreGraphics.framework/Versions/A/CoreGraphics
0x00000001ad7c0000 	/System/Library/Frameworks/Accelerate.framework/Versions/A/Accelerate
0x00000001a7b6e000 	/System/Library/PrivateFrameworks/IconServices.framework/Versions/A/IconServices
0x00000001a4abb000 	/System/Library/Frameworks/IOSurface.framework/Versions/A/IOSurface
0x00000001a2ac3000 	/usr/lib/libDiagnosticMessagesClient.dylib
0x00000001a6daf000 	/usr/lib/libz.1.dylib
0x00000001b0a1c000 	/System/Library/Frameworks/ApplicationServices.framework/Versions/A/ApplicationServices
0x00000001a52a1000 	/System/Library/PrivateFrameworks/DFRFoundation.framework/Versions/A/DFRFoundation
0x000000019e3c9000 	/usr/lib/libicucore.A.dylib
0x00000001a9b8a000 	/System/Library/Frameworks/AudioToolbox.framework/Versions/A/AudioToolbox
0x00000001a8c06000 	/System/Library/PrivateFrameworks/DataDetectorsCore.framework/Versions/A/DataDetectorsCore
0x00000001bfc12000 	/System/Library/PrivateFrameworks/TextInput.framework/Versions/A/TextInput
0x00000001a047e000 	/usr/lib/libMobileGestalt.dylib
0x00000001a4f6d000 	/System/Library/Frameworks/Carbon.framework/Versions/A/Frameworks/HIToolbox.framework/Versions/A/HIToolbox
0x00000001a2f6e000 	/System/Library/Frameworks/QuartzCore.framework/Versions/A/QuartzCore
0x000000019e026000 	/System/Library/Frameworks/Security.framework/Versions/A/Security
0x00000001ad131000 	/System/Library/Frameworks/Carbon.framework/Versions/A/Frameworks/SpeechRecognition.framework/Versions/A/SpeechRecognition
0x00000001a3323000 	/System/Library/PrivateFrameworks/CoreUI.framework/Versions/A/CoreUI
0x000000019d946000 	/System/Library/Frameworks/CoreAudio.framework/Versions/A/CoreAudio
0x00000001a2b9f000 	/System/Library/Frameworks/DiskArbitration.framework/Versions/A/DiskArbitration
0x00000001a8533000 	/System/Library/PrivateFrameworks/MultitouchSupport.framework/Versions/A/MultitouchSupport
0x00000001a047c000 	/usr/lib/libenergytrace.dylib
0x000000019ea0e000 	/System/Library/Frameworks/IOKit.framework/Versions/A/IOKit
0x00000001ad514000 	/System/Library/Frameworks/CoreServices.framework/Versions/A/CoreServices
0x00000001a3571000 	/System/Library/PrivateFrameworks/PerformanceAnalysis.framework/Versions/A/PerformanceAnalysis
0x00000001e9b95000 	/System/Library/Frameworks/OpenGL.framework/Versions/A/OpenGL
0x00000001a3635000 	/usr/lib/libxml2.2.dylib
0x00000001a63dd000 	/System/Library/PrivateFrameworks/MobileKeyBag.framework/Versions/A/MobileKeyBag
0x000000019b4d8000 	/usr/lib/libobjc.A.dylib
0x000000019b78f000 	/usr/lib/libc++.1.dylib
0x00000001a0f7a000 	/System/Library/Frameworks/ColorSync.framework/Versions/A/ColorSync
0x000000019b8ac000 	/System/Library/Frameworks/CoreFoundation.framework/Versions/A/CoreFoundation
0x00000001a5637000 	/System/Library/Frameworks/CoreImage.framework/Versions/A/CoreImage
0x000000019d767000 	/System/Library/Frameworks/CoreText.framework/Versions/A/CoreText
0x00000001a52f8000 	/System/Library/Frameworks/ImageIO.framework/Versions/A/ImageIO
0x00000001a6e6f000 	/System/Library/PrivateFrameworks/SoftLinking.framework/Versions/A/SoftLinking
0x00000001a7102000 	/usr/lib/libcompression.dylib
0x00000001a8b57000 	/System/Library/PrivateFrameworks/TextureIO.framework/Versions/A/TextureIO
0x00000001a7840000 	/usr/lib/libate.dylib
0x00000001a6e63000 	/usr/lib/system/libcache.dylib
0x00000001a6e1c000 	/usr/lib/system/libcommonCrypto.dylib
0x00000001a6e4a000 	/usr/lib/system/libcompiler_rt.dylib
0x00000001a6e40000 	/usr/lib/system/libcopyfile.dylib
0x000000019b60b000 	/usr/lib/system/libcorecrypto.dylib
0x000000019b6c3000 	/usr/lib/system/libdispatch.dylib
0x000000019b854000 	/usr/lib/system/libdyld.dylib
0x00000001a6e59000 	/usr/lib/system/libkeymgr.dylib
0x00000001a6dfa000 	/usr/lib/system/libmacho.dylib
0x00000001a64d6000 	/usr/lib/system/libquarantine.dylib
0x00000001a6e56000 	/usr/lib/system/libremovefile.dylib
0x00000001a04e3000 	/usr/lib/system/libsystem_asl.dylib
0x000000019b5a9000 	/usr/lib/system/libsystem_blocks.dylib
0x000000019b70e000 	/usr/lib/system/libsystem_c.dylib
0x00000001a6e4e000 	/usr/lib/system/libsystem_collections.dylib
0x00000001a59ff000 	/usr/lib/system/libsystem_configuration.dylib
0x00000001a4a89000 	/usr/lib/system/libsystem_containermanager.dylib
0x00000001a6b0b000 	/usr/lib/system/libsystem_coreservices.dylib
0x000000019e680000 	/usr/lib/system/libsystem_darwin.dylib
0x00000001a6e5a000 	/usr/lib/system/libsystem_dnssd.dylib
0x000000019b70b000 	/usr/lib/system/libsystem_featureflags.dylib
0x000000019b880000 	/usr/lib/system/libsystem_info.dylib
0x00000001a6dc1000 	/usr/lib/system/libsystem_m.dylib
0x000000019b697000 	/usr/lib/system/libsystem_malloc.dylib
0x00000001a0463000 	/usr/lib/system/libsystem_networkextension.dylib
0x000000019eaea000 	/usr/lib/system/libsystem_notify.dylib
0x00000001a5a04000 	/usr/lib/system/libsystem_sandbox.dylib
0x00000001a6e53000 	/usr/lib/system/libsystem_secinit.dylib
0x000000019b80e000 	/usr/lib/system/libsystem_kernel.dylib
0x000000019b878000 	/usr/lib/system/libsystem_platform.dylib
0x000000019b847000 	/usr/lib/system/libsystem_pthread.dylib
0x00000001a1cb2000 	/usr/lib/system/libsystem_symptoms.dylib
0x000000019b5f1000 	/usr/lib/system/libsystem_trace.dylib
0x00000001a6e2d000 	/usr/lib/system/libunwind.dylib
0x000000019b5ae000 	/usr/lib/system/libxpc.dylib
0x000000019b7f6000 	/usr/lib/libc++abi.dylib
0x00000001a6e38000 	/usr/lib/liboah.dylib
0x00000001a76ff000 	/usr/lib/liblzma.5.dylib
0x00000001a6e6b000 	/usr/lib/libfakelink.dylib
0x00000001a00a3000 	/System/Library/Frameworks/CFNetwork.framework/Versions/A/CFNetwork
0x00000001a6faa000 	/usr/lib/libarchive.2.dylib
0x00000001ab47e000 	/System/Library/Frameworks/Combine.framework/Versions/A/Combine
0x00000001a9554000 	/usr/lib/swift/libswiftCore.dylib
0x00000001bcd16000 	/usr/lib/swift/libswiftCoreFoundation.dylib
0x00000001bac16000 	/usr/lib/swift/libswiftDarwin.dylib
0x00000001aea30000 	/usr/lib/swift/libswiftDispatch.dylib
0x00000001bcd37000 	/usr/lib/swift/libswiftIOKit.dylib
0x00000001b0e37000 	/usr/lib/swift/libswiftObjectiveC.dylib
0x00000001bcd2a000 	/usr/lib/swift/libswiftXPC.dylib
0x000000022389f000 	/usr/lib/swift/libswift_Concurrency.dylib
0x00000002239f1000 	/usr/lib/swift/libswift_StringProcessing.dylib
0x00000001b0e3b000 	/usr/lib/swift/libswiftos.dylib
0x000000019e993000 	/System/Library/PrivateFrameworks/CoreServicesInternal.framework/Versions/A/CoreServicesInternal
0x00000001a6501000 	/usr/lib/libbsm.0.dylib
0x00000001a6e00000 	/usr/lib/system/libkxld.dylib
0x00000001a35ad000 	/System/Library/Frameworks/CoreServices.framework/Versions/A/Frameworks/FSEvents.framework/Versions/A/FSEvents
0x000000019e68b000 	/System/Library/Frameworks/CoreServices.framework/Versions/A/Frameworks/CarbonCore.framework/Versions/A/CarbonCore
0x00000001a2b06000 	/System/Library/Frameworks/CoreServices.framework/Versions/A/Frameworks/Metadata.framework/Versions/A/Metadata
0x00000001a6b11000 	/System/Library/Frameworks/CoreServices.framework/Versions/A/Frameworks/OSServices.framework/Versions/A/OSServices
0x00000001a7031000 	/System/Library/Frameworks/CoreServices.framework/Versions/A/Frameworks/SearchKit.framework/Versions/A/SearchKit
0x00000001a1c35000 	/System/Library/Frameworks/CoreServices.framework/Versions/A/Frameworks/AE.framework/Versions/A/AE
0x000000019bd84000 	/System/Library/Frameworks/CoreServices.framework/Versions/A/Frameworks/LaunchServices.framework/Versions/A/LaunchServices
0x00000001a76a8000 	/System/Library/Frameworks/CoreServices.framework/Versions/A/Frameworks/DictionaryServices.framework/Versions/A/DictionaryServices
0x00000001a35ba000 	/System/Library/Frameworks/CoreServices.framework/Versions/A/Frameworks/SharedFileList.framework/Versions/A/SharedFileList
0x00000001a70d0000 	/usr/lib/libapple_nghttp2.dylib
0x00000001a009f000 	/usr/lib/libnetwork.dylib
0x00000001a18ba000 	/usr/lib/libsqlite3.dylib
0x00000001a1cbb000 	/System/Library/Frameworks/Network.framework/Versions/A/Network
0x0000000222a25000 	/usr/lib/libCoreEntitlements.dylib
0x000000020f932000 	/System/Library/PrivateFrameworks/MessageSecurity.framework/Versions/A/MessageSecurity
0x00000001a18a0000 	/System/Library/PrivateFrameworks/ProtocolBuffer.framework/Versions/A/ProtocolBuffer
0x00000001a6aed000 	/System/Library/PrivateFrameworks/AppleFSCompression.framework/Versions/A/AppleFSCompression
0x00000001a64e9000 	/usr/lib/libcoretls.dylib
0x00000001a7718000 	/usr/lib/libcoretls_cfhelpers.dylib
0x00000001a70fd000 	/usr/lib/libpam.2.dylib
0x00000001a777e000 	/usr/lib/libxar.1.dylib
0x00000001a7b49000 	/usr/lib/libheimdal-asn1.dylib
0x00000001a6e70000 	/usr/lib/libpcap.A.dylib
0x00000001a1ca8000 	/usr/lib/libdns_services.dylib
0x00000001a5a0c000 	/System/Library/PrivateFrameworks/AppleSystemInfo.framework/Versions/A/AppleSystemInfo
0x00000001a61de000 	/System/Library/PrivateFrameworks/IOMobileFramebuffer.framework/Versions/A/IOMobileFramebuffer
0x00000001a6afe000 	/usr/lib/libbz2.1.0.dylib
0x00000001a64d9000 	/usr/lib/libCheckFix.dylib
0x00000001a04fb000 	/System/Library/PrivateFrameworks/TCC.framework/Versions/A/TCC
0x00000001a5a12000 	/System/Library/PrivateFrameworks/CoreNLP.framework/Versions/A/CoreNLP
0x00000001a2ac5000 	/System/Library/PrivateFrameworks/MetadataUtilities.framework/Versions/A/MetadataUtilities
0x00000001a6512000 	/usr/lib/libmecab.dylib
0x000000019c52b000 	/usr/lib/libCRFSuite.dylib
0x00000001a656f000 	/usr/lib/libgermantok.dylib
0x00000001a70a9000 	/usr/lib/libThaiTokenizer.dylib
0x00000001a2ba8000 	/System/Library/Frameworks/Accelerate.framework/Versions/A/Frameworks/vImage.framework/Versions/A/vImage
0x00000001ad4eb000 	/System/Library/Frameworks/Accelerate.framework/Versions/A/Frameworks/vecLib.framework/Versions/A/vecLib
0x00000001a77c4000 	/System/Library/Frameworks/Accelerate.framework/Versions/A/Frameworks/vecLib.framework/Versions/A/libvMisc.dylib
0x00000001a60de000 	/System/Library/Frameworks/Accelerate.framework/Versions/A/Frameworks/vecLib.framework/Versions/A/libvDSP.dylib
0x000000019c137000 	/System/Library/Frameworks/Accelerate.framework/Versions/A/Frameworks/vecLib.framework/Versions/A/libBLAS.dylib
0x00000001a71d4000 	/System/Library/Frameworks/Accelerate.framework/Versions/A/Frameworks/vecLib.framework/Versions/A/libLAPACK.dylib
0x00000001a6572000 	/System/Library/Frameworks/Accelerate.framework/Versions/A/Frameworks/vecLib.framework/Versions/A/libLinearAlgebra.dylib
0x00000001a70e8000 	/System/Library/Frameworks/Accelerate.framework/Versions/A/Frameworks/vecLib.framework/Versions/A/libSparseBLAS.dylib
0x00000001a71cf000 	/System/Library/Frameworks/Accelerate.framework/Versions/A/Frameworks/vecLib.framework/Versions/A/libQuadrature.dylib
0x00000001a5b0b000 	/System/Library/Frameworks/Accelerate.framework/Versions/A/Frameworks/vecLib.framework/Versions/A/libBNNS.dylib
0x000000019c43a000 	/System/Library/Frameworks/Accelerate.framework/Versions/A/Frameworks/vecLib.framework/Versions/A/libSparse.dylib
0x000000020ec9e000 	/System/Library/PrivateFrameworks/MIL.framework/Versions/A/MIL
0x00000001a6ea5000 	/usr/lib/libiconv.2.dylib
0x00000001a6df9000 	/usr/lib/libcharset.1.dylib
0x00000001a358d000 	/System/Library/Frameworks/OpenDirectory.framework/Versions/A/Frameworks/CFOpenDirectory.framework/Versions/A/CFOpenDirectory
0x00000001a357d000 	/System/Library/Frameworks/OpenDirectory.framework/Versions/A/OpenDirectory
0x00000001a771a000 	/System/Library/PrivateFrameworks/APFS.framework/Versions/A/APFS
0x00000001a6414000 	/System/Library/Frameworks/SecurityFoundation.framework/Versions/A/SecurityFoundation
0x00000001a778d000 	/usr/lib/libutil.dylib
0x000000020dd96000 	/System/Library/PrivateFrameworks/InstalledContentLibrary.framework/Versions/A/InstalledContentLibrary
0x000000019e9d1000 	/System/Library/PrivateFrameworks/CoreServicesStore.framework/Versions/A/CoreServicesStore
0x0000000204e6a000 	/System/Library/PrivateFrameworks/AppleMobileFileIntegrity.framework/Versions/A/AppleMobileFileIntegrity
0x00000001bccf5000 	/usr/lib/libmis.dylib
0x00000001caaf8000 	/System/Library/PrivateFrameworks/MobileSystemServices.framework/Versions/A/MobileSystemServices
0x00000001e4ed5000 	/System/Library/PrivateFrameworks/ConfigProfileHelper.framework/Versions/A/ConfigProfileHelper
0x00000001a70ab000 	/System/Library/PrivateFrameworks/AppleSauce.framework/Versions/A/AppleSauce
0x000000019d210000 	/System/Library/PrivateFrameworks/LanguageModeling.framework/Versions/A/LanguageModeling
0x00000001a7791000 	/usr/lib/libxslt.1.dylib
0x00000001a6f98000 	/usr/lib/libcmph.dylib
0x00000001a61cb000 	/System/Library/PrivateFrameworks/CoreEmoji.framework/Versions/A/CoreEmoji
0x00000001a5b05000 	/System/Library/PrivateFrameworks/LinguisticData.framework/Versions/A/LinguisticData
0x000000019c3f2000 	/System/Library/PrivateFrameworks/Lexicon.framework/Versions/A/Lexicon
0x00000001a64a7000 	/System/Library/PrivateFrameworks/BackgroundTaskManagement.framework/Versions/A/BackgroundTaskManagement
0x0000000222bc4000 	/usr/lib/libTLE.dylib
0x000000022393c000 	/usr/lib/swift/libswift_RegexParser.dylib
0x00000001a83f8000 	/System/Library/PrivateFrameworks/AppleJPEG.framework/Versions/A/AppleJPEG
0x00000001a7b2e000 	/usr/lib/libexpat.1.dylib
0x00000001a89b9000 	/System/Library/Frameworks/ImageIO.framework/Versions/A/Resources/libPng.dylib
0x00000001a89e4000 	/System/Library/Frameworks/ImageIO.framework/Versions/A/Resources/libTIFF.dylib
0x00000001a8acd000 	/System/Library/Frameworks/ImageIO.framework/Versions/A/Resources/libGIF.dylib
0x00000001a843d000 	/System/Library/Frameworks/ImageIO.framework/Versions/A/Resources/libJP2.dylib
0x00000001a8a71000 	/System/Library/Frameworks/ImageIO.framework/Versions/A/Resources/libJPEG.dylib
0x00000001a8a68000 	/System/Library/Frameworks/ImageIO.framework/Versions/A/Resources/libRadiance.dylib
0x00000001a4df6000 	/System/Library/PrivateFrameworks/FontServices.framework/libFontParser.dylib
0x00000001a1bd7000 	/System/Library/PrivateFrameworks/RunningBoardServices.framework/Versions/A/RunningBoardServices
0x00000001b3359000 	/System/Library/PrivateFrameworks/IOSurfaceAccelerator.framework/Versions/A/IOSurfaceAccelerator
0x00000001a852f000 	/System/Library/PrivateFrameworks/WatchdogClient.framework/Versions/A/WatchdogClient
0x000000019d389000 	/System/Library/Frameworks/CoreDisplay.framework/Versions/A/CoreDisplay
0x00000001a4cd1000 	/System/Library/Frameworks/CoreMedia.framework/Versions/A/CoreMedia
0x00000001a4ad1000 	/System/Library/PrivateFrameworks/IOAccelerator.framework/Versions/A/IOAccelerator
0x00000001a371e000 	/System/Library/Frameworks/CoreVideo.framework/Versions/A/CoreVideo
0x00000001a70fb000 	/System/Library/Frameworks/MetalPerformanceShaders.framework/Versions/A/MetalPerformanceShaders
0x00000001a856e000 	/System/Library/Frameworks/VideoToolbox.framework/Versions/A/VideoToolbox
0x00000001a1b1b000 	/System/Library/PrivateFrameworks/BaseBoard.framework/Versions/A/BaseBoard
0x00000001a8a63000 	/System/Library/PrivateFrameworks/GPUWrangler.framework/Versions/A/GPUWrangler
0x00000001a8a43000 	/System/Library/PrivateFrameworks/IOPresentment.framework/Versions/A/IOPresentment
0x00000001a8a6b000 	/System/Library/PrivateFrameworks/DSExternalDisplay.framework/Versions/A/DSExternalDisplay
0x000000020a5f0000 	/System/Library/PrivateFrameworks/GPUCompiler.framework/Versions/31001/Libraries/libllvm-flatbuffers.dylib
0x00000001e9b88000 	/System/Library/Frameworks/OpenGL.framework/Versions/A/Libraries/libCoreFSCache.dylib
0x000000020a5ec000 	/System/Library/PrivateFrameworks/GPUCompiler.framework/Versions/31001/Libraries/libGPUCompilerUtils.dylib
0x00000001a8ad3000 	/System/Library/PrivateFrameworks/CMCaptureCore.framework/Versions/A/CMCaptureCore
0x00000001ff11d000 	/System/Library/Frameworks/ExtensionFoundation.framework/Versions/A/ExtensionFoundation
0x00000001af1d5000 	/System/Library/PrivateFrameworks/CoreTime.framework/Versions/A/CoreTime
0x00000001a80eb000 	/System/Library/PrivateFrameworks/AppServerSupport.framework/Versions/A/AppServerSupport
0x00000001aa46c000 	/System/Library/PrivateFrameworks/perfdata.framework/Versions/A/perfdata
0x000000019d4a9000 	/System/Library/PrivateFrameworks/AudioToolboxCore.framework/Versions/A/AudioToolboxCore
0x00000001a4ca7000 	/System/Library/PrivateFrameworks/caulk.framework/Versions/A/caulk
0x00000001a9d29000 	/usr/lib/libAudioStatistics.dylib
0x00000001bc131000 	/System/Library/PrivateFrameworks/SystemPolicy.framework/Versions/A/SystemPolicy
0x00000001a9fcb000 	/usr/lib/libSMC.dylib
0x00000001b2b05000 	/System/Library/Frameworks/CoreMIDI.framework/Versions/A/CoreMIDI
0x00000001a8986000 	/usr/lib/libAudioToolboxUtility.dylib
0x00000001b7ee9000 	/System/Library/PrivateFrameworks/OSAServicesClient.framework/Versions/A/OSAServicesClient
0x00000001aa479000 	/usr/lib/libperfcheck.dylib
0x00000001a7a19000 	/System/Library/PrivateFrameworks/PlugInKit.framework/Versions/A/PlugInKit
0x00000001a6406000 	/System/Library/PrivateFrameworks/AssertionServices.framework/Versions/A/AssertionServices
0x00000001e9bea000 	/System/Library/Frameworks/OpenGL.framework/Versions/A/Libraries/libGLU.dylib
0x00000001e9ba9000 	/System/Library/Frameworks/OpenGL.framework/Versions/A/Libraries/libGFXShared.dylib
0x00000001e9d90000 	/System/Library/Frameworks/OpenGL.framework/Versions/A/Libraries/libGL.dylib
0x00000001e9bb2000 	/System/Library/Frameworks/OpenGL.framework/Versions/A/Libraries/libGLImage.dylib
0x00000001e9ba6000 	/System/Library/Frameworks/OpenGL.framework/Versions/A/Libraries/libCVMSPluginSupport.dylib
0x0000000222ba3000 	/usr/lib/libRosetta.dylib
0x00000001e9b8f000 	/System/Library/Frameworks/OpenGL.framework/Versions/A/Libraries/libCoreVMClient.dylib
0x00000001a5989000 	/System/Library/Frameworks/MetalPerformanceShaders.framework/Versions/A/Frameworks/MPSCore.framework/Versions/A/MPSCore
0x00000001a6a63000 	/System/Library/Frameworks/MetalPerformanceShaders.framework/Versions/A/Frameworks/MPSImage.framework/Versions/A/MPSImage
0x00000001a6587000 	/System/Library/Frameworks/MetalPerformanceShaders.framework/Versions/A/Frameworks/MPSNeuralNetwork.framework/Versions/A/MPSNeuralNetwork
0x00000001a6973000 	/System/Library/Frameworks/MetalPerformanceShaders.framework/Versions/A/Frameworks/MPSMatrix.framework/Versions/A/MPSMatrix
0x00000001a6785000 	/System/Library/Frameworks/MetalPerformanceShaders.framework/Versions/A/Frameworks/MPSRayIntersector.framework/Versions/A/MPSRayIntersector
0x00000001a69a1000 	/System/Library/Frameworks/MetalPerformanceShaders.framework/Versions/A/Frameworks/MPSNDArray.framework/Versions/A/MPSNDArray
0x00000002004d6000 	/System/Library/Frameworks/MetalPerformanceShaders.framework/Versions/A/Frameworks/MPSFunctions.framework/Versions/A/MPSFunctions
0x000000019bffd000 	/System/Library/PrivateFrameworks/MetalTools.framework/Versions/A/MetalTools
0x00000001a5a0a000 	/System/Library/PrivateFrameworks/AggregateDictionary.framework/Versions/A/AggregateDictionary
0x00000001a78d2000 	/usr/lib/libIOReport.dylib
0x00000001b1cfb000 	/System/Library/PrivateFrameworks/ASEProcessing.framework/Versions/A/ASEProcessing
0x00000001a7c89000 	/System/Library/PrivateFrameworks/GraphVisualizer.framework/Versions/A/GraphVisualizer
0x000000020a4fd000 	/System/Library/PrivateFrameworks/FontServices.framework/Versions/A/FontServices
0x00000001a80a9000 	/System/Library/PrivateFrameworks/OTSVG.framework/Versions/A/OTSVG
0x00000001a32d1000 	/System/Library/Frameworks/ApplicationServices.framework/Versions/A/Frameworks/ATS.framework/Versions/A/Resources/libFontRegistry.dylib
0x00000001a80f5000 	/System/Library/PrivateFrameworks/FontServices.framework/libhvf.dylib
0x000000020a4fe000 	/System/Library/PrivateFrameworks/FontServices.framework/libXTFontStaticRegistryData.dylib
0x000000021bf22000 	/System/Library/PrivateFrameworks/VideoToolboxParavirtualizationSupport.framework/Versions/A/VideoToolboxParavirtualizationSupport
0x00000001a7ae2000 	/System/Library/PrivateFrameworks/AppleVA.framework/Versions/A/AppleVA
0x00000001a9d69000 	/System/Library/Frameworks/ApplicationServices.framework/Versions/A/Frameworks/ATS.framework/Versions/A/ATS
0x00000001a106d000 	/System/Library/Frameworks/ApplicationServices.framework/Versions/A/Frameworks/HIServices.framework/Versions/A/HIServices
0x00000001a8adf000 	/System/Library/Frameworks/ApplicationServices.framework/Versions/A/Frameworks/PrintCore.framework/Versions/A/PrintCore
0x00000001aa124000 	/System/Library/Frameworks/ApplicationServices.framework/Versions/A/Frameworks/QD.framework/Versions/A/QD
0x00000001aa118000 	/System/Library/Frameworks/ApplicationServices.framework/Versions/A/Frameworks/ColorSyncLegacy.framework/Versions/A/ColorSyncLegacy
0x00000001a9d3d000 	/System/Library/Frameworks/ApplicationServices.framework/Versions/A/Frameworks/SpeechSynthesis.framework/Versions/A/SpeechSynthesis
0x00000001a8a9d000 	/System/Library/Frameworks/ApplicationServices.framework/Versions/A/Frameworks/ATSUI.framework/Versions/A/ATSUI
0x00000001aa0ab000 	/usr/lib/libcups.2.dylib
0x00000001aa487000 	/System/Library/Frameworks/Kerberos.framework/Versions/A/Kerberos
0x00000001aa498000 	/System/Library/Frameworks/GSS.framework/Versions/A/GSS
0x00000001a9ddb000 	/usr/lib/libresolv.9.dylib
0x00000001a8105000 	/System/Library/PrivateFrameworks/Heimdal.framework/Versions/A/Heimdal
0x00000001b0dba000 	/System/Library/Frameworks/Kerberos.framework/Versions/A/Libraries/libHeimdalProxy.dylib
0x00000001aa4e8000 	/System/Library/PrivateFrameworks/CommonAuth.framework/Versions/A/CommonAuth
0x00000001eade8000 	/System/Library/Frameworks/AVFAudio.framework/Versions/A/AVFAudio
0x00000001b7f38000 	/System/Library/PrivateFrameworks/AXCoreUtilities.framework/Versions/A/AXCoreUtilities
0x00000001a9cb5000 	/System/Library/PrivateFrameworks/AudioSession.framework/Versions/A/AudioSession
0x00000001ab237000 	/System/Library/Frameworks/IOBluetooth.framework/Versions/A/IOBluetooth
0x00000001a7be3000 	/System/Library/PrivateFrameworks/MediaExperience.framework/Versions/A/MediaExperience
0x00000001a9b50000 	/System/Library/PrivateFrameworks/AudioSession.framework/libSessionUtility.dylib
0x00000001aa130000 	/System/Library/PrivateFrameworks/AudioResourceArbitration.framework/Versions/A/AudioResourceArbitration
0x00000001ae10a000 	/System/Library/PrivateFrameworks/PowerLog.framework/Versions/A/PowerLog
0x00000001ae04d000 	/System/Library/Frameworks/CoreBluetooth.framework/Versions/A/CoreBluetooth
0x00000001b0dbb000 	/System/Library/Frameworks/AudioUnit.framework/Versions/A/AudioUnit
0x00000001a6269000 	/System/Library/PrivateFrameworks/CoreUtils.framework/Versions/A/CoreUtils
0x0000000208f32000 	/System/Library/PrivateFrameworks/CoreUtilsExtras.framework/Versions/A/CoreUtilsExtras
0x000000020dc34000 	/System/Library/PrivateFrameworks/IO80211.framework/Versions/A/IO80211
0x00000001a7b53000 	/System/Library/PrivateFrameworks/IconFoundation.framework/Versions/A/IconFoundation
0x00000001ad11d000 	/System/Library/PrivateFrameworks/SpeechRecognitionCore.framework/Versions/A/SpeechRecognitionCore
0x0000000105a44000 	/Library/Java/JavaVirtualMachines/liberica-jdk-8-full.jdk/Contents/Home/jre/lib/server/libjvm.dylib
0x0000000104d20000 	/Library/Java/JavaVirtualMachines/liberica-jdk-8-full.jdk/Contents/Home/jre/lib/libverify.dylib
0x0000000104de4000 	/Library/Java/JavaVirtualMachines/liberica-jdk-8-full.jdk/Contents/Home/jre/lib/libjava.dylib
0x0000000104e30000 	/Library/Java/JavaVirtualMachines/liberica-jdk-8-full.jdk/Contents/Home/jre/lib/libinstrument.dylib
0x0000000104e80000 	/Library/Java/JavaVirtualMachines/liberica-jdk-8-full.jdk/Contents/Home/jre/lib/libzip.dylib
0x00000001059e4000 	/Library/Java/JavaVirtualMachines/liberica-jdk-8-full.jdk/Contents/Home/jre/lib/libnio.dylib
0x0000000117e98000 	/Library/Java/JavaVirtualMachines/liberica-jdk-8-full.jdk/Contents/Home/jre/lib/libnet.dylib
0x0000000105a0c000 	/Library/Java/JavaVirtualMachines/liberica-jdk-8-full.jdk/Contents/Home/jre/lib/libprism_es2.dylib
0x00000001e9d9a000 	/System/Library/Frameworks/OpenGL.framework/Versions/A/Resources/GLEngine.bundle/GLEngine
0x00000001e9c24000 	/System/Library/Frameworks/OpenGL.framework/Versions/A/Libraries/libGLProgrammability.dylib
0x0000000122940000 	/System/Library/Extensions/AppleMetalOpenGLRenderer.bundle/Contents/MacOS/AppleMetalOpenGLRenderer
0x00000001e9f08000 	/System/Library/Frameworks/OpenGL.framework/Versions/A/Resources/GLRendererFloat.bundle/GLRendererFloat
0x00000001e5b34000 	/System/Library/Extensions/AGXMetalG13X.bundle/Contents/MacOS/AGXMetalG13X
0x00000001bcd09000 	/System/Library/PrivateFrameworks/GPURawCounter.framework/Versions/A/GPURawCounter
0x00000001b6ffb000 	/System/Library/PrivateFrameworks/IOGPU.framework/Versions/A/IOGPU
0x00000001228a0000 	/Library/Java/JavaVirtualMachines/liberica-jdk-8-full.jdk/Contents/Home/jre/lib/libglass.dylib
0x00000001ae35a000 	/System/Library/Frameworks/FileProvider.framework/Versions/A/FileProvider
0x00000001a1a83000 	/System/Library/Frameworks/Accounts.framework/Versions/A/Accounts
0x00000001a37bc000 	/System/Library/PrivateFrameworks/UserManagement.framework/Versions/A/UserManagement
0x00000001ae4e1000 	/System/Library/PrivateFrameworks/GenerationalStorage.framework/Versions/A/GenerationalStorage
0x00000001af0fb000 	/System/Library/PrivateFrameworks/CoreSymbolication.framework/Versions/A/CoreSymbolication
0x00000001ae0fe000 	/System/Library/PrivateFrameworks/SymptomDiagnosticReporter.framework/Versions/A/SymptomDiagnosticReporter
0x000000019fc0e000 	/System/Library/PrivateFrameworks/DesktopServicesPriv.framework/Versions/A/DesktopServicesPriv
0x000000019eafa000 	/usr/lib/libsandbox.1.dylib
0x00000001af0bc000 	/System/Library/PrivateFrameworks/DebugSymbols.framework/Versions/A/DebugSymbols
0x00000001aa10b000 	/System/Library/PrivateFrameworks/NetAuth.framework/Versions/A/NetAuth
0x00000001ab0af000 	/System/Library/PrivateFrameworks/Sharing.framework/Versions/A/Sharing
0x00000001a3780000 	/System/Library/PrivateFrameworks/login.framework/Versions/A/Frameworks/loginsupport.framework/Versions/A/loginsupport
0x00000001b02f8000 	/System/Library/PrivateFrameworks/Apple80211.framework/Versions/A/Apple80211
0x00000001a6b44000 	/System/Library/PrivateFrameworks/AuthKit.framework/Versions/A/AuthKit
0x00000001a61eb000 	/System/Library/Frameworks/CoreWLAN.framework/Versions/A/CoreWLAN
0x00000001b02fc000 	/System/Library/PrivateFrameworks/CoreWiFi.framework/Versions/A/CoreWiFi
0x00000001de89e000 	/System/Library/PrivateFrameworks/WiFiPeerToPeer.framework/Versions/A/WiFiPeerToPeer
0x00000001aec76000 	/System/Library/PrivateFrameworks/FrontBoardServices.framework/Versions/A/FrontBoardServices
0x00000001aed11000 	/System/Library/PrivateFrameworks/BoardServices.framework/Versions/A/BoardServices
0x00000001b0456000 	/System/Library/PrivateFrameworks/BackBoardServices.framework/Versions/A/BackBoardServices
0x00000001a6c97000 	/System/Library/Frameworks/UserNotifications.framework/Versions/A/UserNotifications
0x00000001aa5e1000 	/System/Library/PrivateFrameworks/CorePhoneNumbers.framework/Versions/A/CorePhoneNumbers
0x00000001a9e08000 	/System/Library/PrivateFrameworks/MultiverseSupport.framework/Versions/A/MultiverseSupport
0x00000001b06df000 	/System/Library/PrivateFrameworks/RemoteServiceDiscovery.framework/Versions/A/RemoteServiceDiscovery
0x00000001ae22a000 	/System/Library/PrivateFrameworks/DiskManagement.framework/Versions/A/DiskManagement
0x00000001ae131000 	/System/Library/PrivateFrameworks/AppleIDAuthSupport.framework/Versions/A/AppleIDAuthSupport
0x00000002031e4000 	/System/Library/PrivateFrameworks/AAAFoundation.framework/Versions/A/AAAFoundation
0x00000001aa5b9000 	/System/Library/PrivateFrameworks/KeychainCircle.framework/Versions/A/KeychainCircle
0x00000001b06f3000 	/System/Library/PrivateFrameworks/RemoteXPC.framework/Versions/A/RemoteXPC
0x00000001ae1f6000 	/System/Library/PrivateFrameworks/MediaKit.framework/Versions/A/MediaKit
0x00000001ae13e000 	/System/Library/Frameworks/DiscRecording.framework/Versions/A/DiscRecording
0x00000001a7a5e000 	/usr/lib/libCoreStorage.dylib
0x00000001b075b000 	/usr/lib/libcsfde.dylib
0x00000001ab30c000 	/System/Library/PrivateFrameworks/ProtectedCloudStorage.framework/Versions/A/ProtectedCloudStorage
0x00000001b0753000 	/System/Library/PrivateFrameworks/EFILogin.framework/Versions/A/EFILogin
0x00000001ae507000 	/System/Library/PrivateFrameworks/OctagonTrust.framework/Versions/A/OctagonTrust
0x00000001a7a56000 	/usr/lib/libMatch.1.dylib
0x00000001c1580000 	/System/Library/Frameworks/Accelerate.framework/Versions/A/Frameworks/vImage.framework/Versions/A/Libraries/libCGInterfaces.dylib
0x0000000124730000 	/usr/lib/libobjc-trampolines.dylib
0x00000002228fb000 	/usr/lib/libAccessibilityBaseImplementations.dylib
0x00000001a3469000 	/System/Library/PrivateFrameworks/ViewBridge.framework/Versions/A/ViewBridge
0x00000002039ef000 	/System/Library/PrivateFrameworks/AccessibilityBundles.framework/Versions/A/AccessibilityBundles
0x00000001b7f5a000 	/usr/lib/libAccessibility.dylib
0x00000001ad80b000 	/System/Library/Frameworks/MediaAccessibility.framework/Versions/A/MediaAccessibility
0x000000012674c000 	/Library/Java/JavaVirtualMachines/liberica-jdk-8-full.jdk/Contents/Home/jre/lib/libjavafx_font.dylib

VM Arguments:
jvm_args: -javaagent:/Applications/IntelliJ IDEA.app/Contents/lib/idea_rt.jar=56904:/Applications/IntelliJ IDEA.app/Contents/bin -Dfile.encoding=UTF-8 
java_command: Main
java_class_path (initial): /Library/Java/JavaVirtualMachines/liberica-jdk-8-full.jdk/Contents/Home/jre/lib/charsets.jar:/Library/Java/JavaVirtualMachines/liberica-jdk-8-full.jdk/Contents/Home/jre/lib/ext/cldrdata.jar:/Library/Java/JavaVirtualMachines/liberica-jdk-8-full.jdk/Contents/Home/jre/lib/ext/dnsns.jar:/Library/Java/JavaVirtualMachines/liberica-jdk-8-full.jdk/Contents/Home/jre/lib/ext/jaccess.jar:/Library/Java/JavaVirtualMachines/liberica-jdk-8-full.jdk/Contents/Home/jre/lib/ext/jfxrt.jar:/Library/Java/JavaVirtualMachines/liberica-jdk-8-full.jdk/Contents/Home/jre/lib/ext/localedata.jar:/Library/Java/JavaVirtualMachines/liberica-jdk-8-full.jdk/Contents/Home/jre/lib/ext/nashorn.jar:/Library/Java/JavaVirtualMachines/liberica-jdk-8-full.jdk/Contents/Home/jre/lib/ext/sunec.jar:/Library/Java/JavaVirtualMachines/liberica-jdk-8-full.jdk/Contents/Home/jre/lib/ext/sunjce_provider.jar:/Library/Java/JavaVirtualMachines/liberica-jdk-8-full.jdk/Contents/Home/jre/lib/ext/sunpkcs11.jar:/Library/Java/JavaVirtualMachines/liberica-jdk-8-full.jdk/Contents/Home/jre/lib/ext/zipfs.jar:/Library/Java/JavaVirtualMachines/liberica-jdk-8-full.jdk/Contents/Home/jre/lib/jce.jar:/Library/Java/JavaVirtualMachines/liberica-jdk-8-full.jdk/Contents/Home/jre/lib/jfr.jar:/Library/Java/JavaVirtualMachines/liberica-jdk-8-full.jdk/Contents/Home/jre/lib/jfxswt.jar:/Library/Java/JavaVirtualMachines/liberica-jdk-8-full.jdk/Contents/Home/jre/lib/jsse.jar:/Library/Java/JavaVirtualMachines/liberica-jdk-8-full.jdk/Contents/Home/jre/lib/management-agent.jar:/Library/Java/JavaVirtualMachines/liberica-jdk-8-full.jdk/Contents/Home/jre/lib/resources.jar:/Library/Java/JavaVirtualMachines/liberica-jdk-8-full.jdk/Contents/Home/jre/lib/rt.jar:/Users/ianzelbo/Desktop/MathGame/MathGame/out/production/MathGame:/Users/ianzelbo/Downloads/MathParser.org-mXparser-v.5.2-2.1-jdk-bin-only/bin/jdk8/MathParser.org-mXparser.jar:/Applications/IntelliJ IDEA.app/Contents/lib/idea_rt.jar
Launcher Type: SUN_STANDARD

Environment Variables:
JAVA_HOME=/Library/Java/JavaVirtualMachines/liberica-jdk-8-full.jdk/Contents/Home
CLASSPATH=:/Users/ianzelbo/Desktop/cs15/*:.:/Users/ianzelbo/Desktop/cs15/*:.
PATH=/opt/homebrew/bin:/opt/homebrew/sbin:/Users/ianzelbo/miniconda3/bin:/Users/ianzelbo/miniconda3/condabin:/opt/homebrew/bin:/opt/homebrew/sbin:/Users/ianzelbo/.nvm/versions/node/v17.4.0/bin:/opt/homebrew/bin:/opt/homebrew/sbin:/usr/local/bin:/System/Cryptexes/App/usr/bin:/usr/bin:/bin:/usr/sbin:/sbin:/Library/Apple/usr/bin
SHELL=/bin/zsh

Signal Handlers:
SIGSEGV: [libjvm.dylib+0x54fb3c], sa_mask[0]=11111111011111110111111111111111, sa_flags=SA_ONSTACK|SA_RESTART|SA_SIGINFO
SIGBUS: [libjvm.dylib+0x54fb3c], sa_mask[0]=11111111011111110111111111111111, sa_flags=SA_RESTART|SA_SIGINFO
SIGFPE: [libjvm.dylib+0x44d1cc], sa_mask[0]=11111111011111110111111111111111, sa_flags=SA_RESTART|SA_SIGINFO
SIGPIPE: [libjvm.dylib+0x44d1cc], sa_mask[0]=11111111011111110111111111111111, sa_flags=SA_RESTART|SA_SIGINFO
SIGXFSZ: [libjvm.dylib+0x44d1cc], sa_mask[0]=11111111011111110111111111111111, sa_flags=SA_RESTART|SA_SIGINFO
SIGILL: [libjvm.dylib+0x44d1cc], sa_mask[0]=11111111011111110111111111111111, sa_flags=SA_RESTART|SA_SIGINFO
SIGUSR1: SIG_DFL, sa_mask[0]=00000000000000000000000000000000, sa_flags=none
SIGUSR2: [libjvm.dylib+0x44daf0], sa_mask[0]=00100000000000000000000000000000, sa_flags=SA_RESTART|SA_SIGINFO
SIGHUP: [libjvm.dylib+0x44ba7c], sa_mask[0]=11111111011111110111111111111111, sa_flags=SA_RESTART|SA_SIGINFO
SIGINT: [libjvm.dylib+0x44ba7c], sa_mask[0]=11111111011111110111111111111111, sa_flags=SA_RESTART|SA_SIGINFO
SIGTERM: [libjvm.dylib+0x44ba7c], sa_mask[0]=11111111011111110111111111111111, sa_flags=SA_RESTART|SA_SIGINFO
SIGQUIT: [libjvm.dylib+0x44ba7c], sa_mask[0]=11111111011111110111111111111111, sa_flags=SA_RESTART|SA_SIGINFO


---------------  S Y S T E M  ---------------

OS:Bsduname:Darwin 22.1.0 Darwin Kernel Version 22.1.0: Sun Oct  9 20:15:09 PDT 2022; root:xnu-8792.41.9~2/RELEASE_ARM64_T6000 arm64
rlimit: STACK 8176k, CORE 0k, NPROC 2666, NOFILE 10240, AS infinity
load average:2.30 2.51 2.87

CPU:total 8 (initial active 8) simd, crc, lse

Memory: 16k page, physical 16777216k(21744k free)

/proc/meminfo:


vm_info: OpenJDK 64-Bit Server VM (25.345-b01) for bsd-aarch64 JRE (1.8.0_345-b01), built on Aug  2 2022 13:05:09 by "re" with gcc Apple LLVM 12.0.0 (clang-1200.0.32.28)

time: Mon Apr 24 14:16:51 2023
timezone: EDT
elapsed time: 0.482873 seconds (0d 0h 0m 0s)

